<?xml version="1.0" encoding="UTF-8"?>
<testng-results skipped="0" failed="0" ignored="0" total="2" passed="2">
  <reporter-output>
  </reporter-output>
  <suite name="Docker Grid" duration-ms="20308" started-at="2021-02-17T01:15:11 IST" finished-at="2021-02-17T01:15:31 IST">
    <groups>
    </groups>
    <test name="Chrome" duration-ms="16300" started-at="2021-02-17T01:15:11 IST" finished-at="2021-02-17T01:15:27 IST">
      <class name="grid.GridTest">
        <test-method status="PASS" signature="setup(java.lang.String)[pri:0, instance:grid.GridTest@6e0e048a]" name="setup" is-config="true" duration-ms="15879" started-at="2021-02-17T01:15:11 IST" finished-at="2021-02-17T01:15:27 IST">
          <params>
            <param index="0">
              <value>
                <![CDATA[chrome]]>
              </value>
            </param>
          </params>
          <reporter-output>
          </reporter-output>
        </test-method> <!-- setup -->
        <test-method status="PASS" signature="getTitle()[pri:0, instance:grid.GridTest@6e0e048a]" name="getTitle" duration-ms="198" started-at="2021-02-17T01:15:27 IST" finished-at="2021-02-17T01:15:27 IST">
          <reporter-output>
          </reporter-output>
        </test-method> <!-- getTitle -->
        <test-method status="PASS" signature="tearDown()[pri:0, instance:grid.GridTest@6e0e048a]" name="tearDown" is-config="true" duration-ms="170" started-at="2021-02-17T01:15:27 IST" finished-at="2021-02-17T01:15:27 IST">
          <reporter-output>
          </reporter-output>
        </test-method> <!-- tearDown -->
      </class> <!-- grid.GridTest -->
    </test> <!-- Chrome -->
    <test name="Firefox" duration-ms="20308" started-at="2021-02-17T01:15:11 IST" finished-at="2021-02-17T01:15:31 IST">
      <class name="grid.GridTest">
        <test-method status="PASS" signature="startContainer()[pri:0, instance:grid.GridTest@7494e528]" name="startContainer" is-config="true" duration-ms="20833" started-at="2021-02-17T01:14:50 IST" finished-at="2021-02-17T01:15:11 IST">
          <reporter-output>
          </reporter-output>
        </test-method> <!-- startContainer -->
        <test-method status="PASS" signature="setup(java.lang.String)[pri:0, instance:grid.GridTest@7494e528]" name="setup" is-config="true" duration-ms="19107" started-at="2021-02-17T01:15:11 IST" finished-at="2021-02-17T01:15:30 IST">
          <params>
            <param index="0">
              <value>
                <![CDATA[firefox]]>
              </value>
            </param>
          </params>
          <reporter-output>
          </reporter-output>
        </test-method> <!-- setup -->
        <test-method status="PASS" signature="getTitle()[pri:0, instance:grid.GridTest@7494e528]" name="getTitle" duration-ms="98" started-at="2021-02-17T01:15:30 IST" finished-at="2021-02-17T01:15:30 IST">
          <reporter-output>
          </reporter-output>
        </test-method> <!-- getTitle -->
        <test-method status="PASS" signature="tearDown()[pri:0, instance:grid.GridTest@7494e528]" name="tearDown" is-config="true" duration-ms="1101" started-at="2021-02-17T01:15:30 IST" finished-at="2021-02-17T01:15:31 IST">
          <reporter-output>
          </reporter-output>
        </test-method> <!-- tearDown -->
        <test-method status="PASS" signature="stopContainer()[pri:0, instance:grid.GridTest@7494e528]" name="stopContainer" is-config="true" duration-ms="13446" started-at="2021-02-17T01:15:31 IST" finished-at="2021-02-17T01:15:45 IST">
          <reporter-output>
          </reporter-output>
        </test-method> <!-- stopContainer -->
      </class> <!-- grid.GridTest -->
    </test> <!-- Firefox -->
  </suite> <!-- Docker Grid -->
</testng-results>
